<?xml version="1.0" encoding="UTF-8"?>
<!-- Generated by org.testng.reporters.JUnitReportReporter -->
<testsuite skipped="0" hostname="Fatemas-MBP" name="bcbs.Bcbs" tests="11" failures="0" timestamp="2021-09-26T22:29:30 EDT" time="46.042" errors="0">
  <testcase name="logoTest" time="1.151" classname="bcbs.Bcbs"/>
  <system-out/>
  <testcase name="clickontheSearchField" time="2.090" classname="bcbs.Bcbs"/>
  <system-out/>
  <testcase name="search" time="4.436" classname="bcbs.Bcbs"/>
  <system-out/>
  <testcase name="searchItemByclickingEnterButtonTest" time="3.180" classname="bcbs.Bcbs"/>
  <system-out/>
  <testcase name="actionPipeline" time="8.149" classname="bcbs.Bcbs"/>
  <system-out/>
  <testcase name="accessMyBenifit" time="3.156" classname="bcbs.Bcbs"/>
  <system-out/>
  <testcase name="navigate" time="12.806" classname="bcbs.Bcbs"/>
  <system-out/>
  <testcase name="get" time="6.983" classname="bcbs.Bcbs"/>
  <system-out/>
  <testcase name="isSelected" time="2.029" classname="bcbs.Bcbs"/>
  <system-out/>
  <testcase name="isenableLogoCheck" time="2.030" classname="bcbs.Bcbs"/>
  <system-out/>
  <testcase name="getTextInvestors" time="0.032" classname="bcbs.Bcbs"/>
  <system-out/>
</testsuite> <!-- bcbs.Bcbs -->
