<?xml version="1.0" encoding="UTF-8"?>
<!-- Generated by org.testng.reporters.JUnitReportReporter -->
<testsuite skipped="0" hostname="Fatemas-MBP" name="selenium_practice.Test3" tests="8" failures="0" timestamp="2021-09-26T21:37:29 EDT" time="26.455" errors="0">
  <testcase name="getMethod" time="3.608" classname="selenium_practice.Test3"/>
  <system-out/>
  <testcase name="maximizeMethod" time="2.157" classname="selenium_practice.Test3"/>
  <system-out/>
  <testcase name="clickMethod" time="2.078" classname="selenium_practice.Test3"/>
  <system-out/>
  <testcase name="isDisplayed" time="2.072" classname="selenium_practice.Test3"/>
  <system-out/>
  <testcase name="isSelected" time="2.028" classname="selenium_practice.Test3"/>
  <system-out/>
  <testcase name="isEnabled" time="2.041" classname="selenium_practice.Test3"/>
  <system-out/>
  <testcase name="navigate" time="10.325" classname="selenium_practice.Test3"/>
  <system-out/>
  <testcase name="sendKeys" time="2.146" classname="selenium_practice.Test3"/>
  <system-out/>
</testsuite> <!-- selenium_practice.Test3 -->
