<?xml version="1.0" encoding="UTF-8"?>
<!-- Generated by org.testng.reporters.JUnitReportReporter -->
<testsuite skipped="0" hostname="Fatemas-MBP" name="lec29_selenium.B_use_of_get_method" tests="1" failures="0" timestamp="2021-09-01T22:27:22 EDT" time="0.186" errors="0">
  <testcase name="loginButtonTest" time="0.186" classname="lec29_selenium.B_use_of_get_method"/>
  <system-out/>
</testsuite> <!-- lec29_selenium.B_use_of_get_method -->
