<?xml version="1.0" encoding="UTF-8"?>
<!-- Generated by org.testng.reporters.JUnitReportReporter -->
<testsuite skipped="0" hostname="Fatemas-MBP" name="hw10Q2selenium.Click_method" tests="1" failures="0" timestamp="2021-09-14T01:01:23 EDT" time="4.030" errors="0">
  <testcase name="clickSearchButton" time="4.030" classname="hw10Q2selenium.Click_method"/>
  <system-out/>
</testsuite> <!-- hw10Q2selenium.Click_method -->
