<?xml version="1.0" encoding="UTF-8"?>
<!-- Generated by org.testng.reporters.JUnitReportReporter -->
<testsuite skipped="0" hostname="Fatemas-MBP" name="bcbs.Bcbs" tests="7" failures="0" timestamp="2021-10-02T22:25:32 EDT" time="41.416" errors="0">
  <testcase name="actionPipeline" time="8.440" classname="bcbs.Bcbs"/>
  <system-out/>
  <testcase name="accessMyBenifit" time="5.166" classname="bcbs.Bcbs"/>
  <system-out/>
  <testcase name="navigate" time="15.877" classname="bcbs.Bcbs"/>
  <system-out/>
  <testcase name="get" time="7.756" classname="bcbs.Bcbs"/>
  <system-out/>
  <testcase name="isSelected" time="2.080" classname="bcbs.Bcbs"/>
  <system-out/>
  <testcase name="isenableLogoCheck" time="2.043" classname="bcbs.Bcbs"/>
  <system-out/>
  <testcase name="getTextInvestors" time="0.054" classname="bcbs.Bcbs"/>
  <system-out/>
</testsuite> <!-- bcbs.Bcbs -->
